<?xml version="1.0" encoding="UTF-8"?>
<testng-results ignored="0" total="1" passed="1" failed="0" skipped="0">
  <reporter-output>
  </reporter-output>
  <suite started-at="2022-12-22T08:14:56 IST" name="Default suite" finished-at="2022-12-22T08:15:11 IST" duration-ms="14378">
    <groups>
    </groups>
    <test started-at="2022-12-22T08:14:56 IST" name="Default test" finished-at="2022-12-22T08:15:11 IST" duration-ms="14378">
      <class name="com.testscripts.Login_TestScript">
        <test-method is-config="true" signature="setUP()[pri:0, instance:com.testscripts.Login_TestScript@e15b7e8]" started-at="2022-12-22T08:14:56 IST" name="setUP" finished-at="2022-12-22T08:15:02 IST" duration-ms="5942" status="PASS">
          <reporter-output>
          </reporter-output>
        </test-method> <!-- setUP -->
        <test-method signature="orangeHRMLogin()[pri:0, instance:com.testscripts.Login_TestScript@e15b7e8]" started-at="2022-12-22T08:15:02 IST" name="orangeHRMLogin" finished-at="2022-12-22T08:15:10 IST" duration-ms="8188" status="PASS">
          <reporter-output>
          </reporter-output>
        </test-method> <!-- orangeHRMLogin -->
        <test-method is-config="true" signature="tearDown()[pri:0, instance:com.testscripts.Login_TestScript@e15b7e8]" started-at="2022-12-22T08:15:10 IST" name="tearDown" finished-at="2022-12-22T08:15:11 IST" duration-ms="159" status="PASS">
          <reporter-output>
          </reporter-output>
        </test-method> <!-- tearDown -->
      </class> <!-- com.testscripts.Login_TestScript -->
    </test> <!-- Default test -->
  </suite> <!-- Default suite -->
</testng-results>
