<?xml version="1.0" encoding="UTF-8"?>
<testng-results ignored="1" total="2" passed="1" failed="0" skipped="0">
  <reporter-output>
  </reporter-output>
  <suite started-at="2022-12-20T08:15:26 IST" name="Default suite" finished-at="2022-12-20T08:15:48 IST" duration-ms="21373">
    <groups>
    </groups>
    <test started-at="2022-12-20T08:15:26 IST" name="Default test" finished-at="2022-12-20T08:15:48 IST" duration-ms="21373">
      <class name="com.automationtesting.testngsession.OrangHrmTest">
        <test-method is-config="true" signature="propertiesData()[pri:0, instance:com.automationtesting.testngsession.OrangHrmTest@1de76cc7]" started-at="2022-12-20T08:15:26 IST" name="propertiesData" finished-at="2022-12-20T08:15:26 IST" duration-ms="11" status="PASS">
          <reporter-output>
          </reporter-output>
        </test-method> <!-- propertiesData -->
        <test-method is-config="true" signature="basicSetup()[pri:0, instance:com.automationtesting.testngsession.OrangHrmTest@1de76cc7]" started-at="2022-12-20T08:15:26 IST" name="basicSetup" finished-at="2022-12-20T08:15:28 IST" duration-ms="2068" status="PASS">
          <reporter-output>
          </reporter-output>
        </test-method> <!-- basicSetup -->
        <test-method is-config="true" signature="launchUrl()[pri:0, instance:com.automationtesting.testngsession.OrangHrmTest@1de76cc7]" started-at="2022-12-20T08:15:28 IST" name="launchUrl" finished-at="2022-12-20T08:15:36 IST" duration-ms="8105" status="PASS">
          <reporter-output>
          </reporter-output>
        </test-method> <!-- launchUrl -->
        <test-method is-config="true" signature="login()[pri:0, instance:com.automationtesting.testngsession.OrangHrmTest@1de76cc7]" started-at="2022-12-20T08:15:36 IST" name="login" finished-at="2022-12-20T08:15:37 IST" duration-ms="995" status="PASS">
          <reporter-output>
          </reporter-output>
        </test-method> <!-- login -->
        <test-method signature="addEmployee_Page()[pri:1, instance:com.automationtesting.testngsession.OrangHrmTest@1de76cc7]" started-at="2022-12-20T08:15:37 IST" name="addEmployee_Page" finished-at="2022-12-20T08:15:46 IST" duration-ms="9013" status="PASS">
          <reporter-output>
          </reporter-output>
        </test-method> <!-- addEmployee_Page -->
        <test-method is-config="true" signature="CaptureFailedImage(org.testng.ITestResult)[pri:0, instance:com.automationtesting.testngsession.OrangHrmTest@1de76cc7]" started-at="2022-12-20T08:15:46 IST" name="CaptureFailedImage" finished-at="2022-12-20T08:15:47 IST" duration-ms="206" status="PASS">
          <params>
            <param index="0">
              <value>
                <![CDATA[[TestResult name=addEmployee_Page status=SUCCESS method=OrangHrmTest.addEmployee_Page()[pri:1, instance:com.automationtesting.testngsession.OrangHrmTest@1de76cc7] output={null}]]]>
              </value>
            </param>
          </params>
          <reporter-output>
          </reporter-output>
        </test-method> <!-- CaptureFailedImage -->
        <test-method is-config="true" signature="logOut()[pri:0, instance:com.automationtesting.testngsession.OrangHrmTest@1de76cc7]" started-at="2022-12-20T08:15:47 IST" name="logOut" finished-at="2022-12-20T08:15:47 IST" duration-ms="795" status="PASS">
          <reporter-output>
          </reporter-output>
        </test-method> <!-- logOut -->
        <test-method is-config="true" signature="tearDown()[pri:0, instance:com.automationtesting.testngsession.OrangHrmTest@1de76cc7]" started-at="2022-12-20T08:15:47 IST" name="tearDown" finished-at="2022-12-20T08:15:48 IST" duration-ms="149" status="PASS">
          <reporter-output>
          </reporter-output>
        </test-method> <!-- tearDown -->
      </class> <!-- com.automationtesting.testngsession.OrangHrmTest -->
    </test> <!-- Default test -->
  </suite> <!-- Default suite -->
</testng-results>
