<?xml version="1.0" encoding="UTF-8"?>
<testng-results ignored="1" total="4" passed="3" failed="0" skipped="0">
  <reporter-output>
  </reporter-output>
  <suite started-at="2022-12-19T07:35:39 IST" name="Default suite" finished-at="2022-12-19T07:36:26 IST" duration-ms="46484">
    <groups>
    </groups>
    <test started-at="2022-12-19T07:35:39 IST" name="Default test" finished-at="2022-12-19T07:36:26 IST" duration-ms="46484">
      <class name="com.automationtesting.testngsession.OrangHrmTest">
        <test-method is-config="true" signature="propertiesData()[pri:0, instance:com.automationtesting.testngsession.OrangHrmTest@f5acb9d]" started-at="2022-12-19T07:35:39 IST" name="propertiesData" finished-at="2022-12-19T07:35:39 IST" duration-ms="11" status="PASS">
          <reporter-output>
          </reporter-output>
        </test-method> <!-- propertiesData -->
        <test-method is-config="true" signature="basicSetup()[pri:0, instance:com.automationtesting.testngsession.OrangHrmTest@f5acb9d]" started-at="2022-12-19T07:35:39 IST" name="basicSetup" finished-at="2022-12-19T07:35:41 IST" duration-ms="2121" status="PASS">
          <reporter-output>
          </reporter-output>
        </test-method> <!-- basicSetup -->
        <test-method is-config="true" signature="launchUrl()[pri:0, instance:com.automationtesting.testngsession.OrangHrmTest@f5acb9d]" started-at="2022-12-19T07:35:41 IST" name="launchUrl" finished-at="2022-12-19T07:35:51 IST" duration-ms="9511" status="PASS">
          <reporter-output>
          </reporter-output>
        </test-method> <!-- launchUrl -->
        <test-method is-config="true" signature="login()[pri:0, instance:com.automationtesting.testngsession.OrangHrmTest@f5acb9d]" started-at="2022-12-19T07:35:51 IST" name="login" finished-at="2022-12-19T07:35:52 IST" duration-ms="669" status="PASS">
          <reporter-output>
          </reporter-output>
        </test-method> <!-- login -->
        <test-method signature="RegisterEmployee(java.lang.String,java.lang.String,java.lang.String,java.lang.String)[pri:2, instance:com.automationtesting.testngsession.OrangHrmTest@f5acb9d]" started-at="2022-12-19T07:35:52 IST" name="RegisterEmployee" data-provider="AddEmployee" finished-at="2022-12-19T07:36:00 IST" duration-ms="8393" status="PASS">
          <params>
            <param index="0">
              <value>
                <![CDATA[Ram]]>
              </value>
            </param>
            <param index="1">
              <value>
                <![CDATA[Testing]]>
              </value>
            </param>
            <param index="2">
              <value>
                <![CDATA[Trainier]]>
              </value>
            </param>
            <param index="3">
              <value>
                <![CDATA[20455]]>
              </value>
            </param>
          </params>
          <reporter-output>
          </reporter-output>
        </test-method> <!-- RegisterEmployee -->
        <test-method is-config="true" signature="logOut()[pri:0, instance:com.automationtesting.testngsession.OrangHrmTest@f5acb9d]" started-at="2022-12-19T07:36:00 IST" name="logOut" finished-at="2022-12-19T07:36:02 IST" duration-ms="1909" status="PASS">
          <reporter-output>
          </reporter-output>
        </test-method> <!-- logOut -->
        <test-method is-config="true" signature="login()[pri:0, instance:com.automationtesting.testngsession.OrangHrmTest@f5acb9d]" started-at="2022-12-19T07:36:02 IST" name="login" finished-at="2022-12-19T07:36:04 IST" duration-ms="1751" status="PASS">
          <reporter-output>
          </reporter-output>
        </test-method> <!-- login -->
        <test-method signature="RegisterEmployee(java.lang.String,java.lang.String,java.lang.String,java.lang.String)[pri:2, instance:com.automationtesting.testngsession.OrangHrmTest@f5acb9d]" started-at="2022-12-19T07:36:04 IST" name="RegisterEmployee" data-provider="AddEmployee" finished-at="2022-12-19T07:36:12 IST" duration-ms="8524" status="PASS">
          <params>
            <param index="0">
              <value>
                <![CDATA[Rahim]]>
              </value>
            </param>
            <param index="1">
              <value>
                <![CDATA[Testing]]>
              </value>
            </param>
            <param index="2">
              <value>
                <![CDATA[Trainer]]>
              </value>
            </param>
            <param index="3">
              <value>
                <![CDATA[20466]]>
              </value>
            </param>
          </params>
          <reporter-output>
          </reporter-output>
        </test-method> <!-- RegisterEmployee -->
        <test-method is-config="true" signature="logOut()[pri:0, instance:com.automationtesting.testngsession.OrangHrmTest@f5acb9d]" started-at="2022-12-19T07:36:12 IST" name="logOut" finished-at="2022-12-19T07:36:15 IST" duration-ms="2408" status="PASS">
          <reporter-output>
          </reporter-output>
        </test-method> <!-- logOut -->
        <test-method is-config="true" signature="login()[pri:0, instance:com.automationtesting.testngsession.OrangHrmTest@f5acb9d]" started-at="2022-12-19T07:36:15 IST" name="login" finished-at="2022-12-19T07:36:16 IST" duration-ms="1789" status="PASS">
          <reporter-output>
          </reporter-output>
        </test-method> <!-- login -->
        <test-method signature="RegisterEmployee(java.lang.String,java.lang.String,java.lang.String,java.lang.String)[pri:2, instance:com.automationtesting.testngsession.OrangHrmTest@f5acb9d]" started-at="2022-12-19T07:36:16 IST" name="RegisterEmployee" data-provider="AddEmployee" finished-at="2022-12-19T07:36:24 IST" duration-ms="7687" status="PASS">
          <params>
            <param index="0">
              <value>
                <![CDATA[Cloud]]>
              </value>
            </param>
            <param index="1">
              <value>
                <![CDATA[Testing]]>
              </value>
            </param>
            <param index="2">
              <value>
                <![CDATA[Trainer]]>
              </value>
            </param>
            <param index="3">
              <value>
                <![CDATA[20366]]>
              </value>
            </param>
          </params>
          <reporter-output>
          </reporter-output>
        </test-method> <!-- RegisterEmployee -->
        <test-method is-config="true" signature="logOut()[pri:0, instance:com.automationtesting.testngsession.OrangHrmTest@f5acb9d]" started-at="2022-12-19T07:36:24 IST" name="logOut" finished-at="2022-12-19T07:36:26 IST" duration-ms="1581" status="PASS">
          <reporter-output>
          </reporter-output>
        </test-method> <!-- logOut -->
        <test-method is-config="true" signature="tearDown()[pri:0, instance:com.automationtesting.testngsession.OrangHrmTest@f5acb9d]" started-at="2022-12-19T07:36:26 IST" name="tearDown" finished-at="2022-12-19T07:36:26 IST" duration-ms="84" status="PASS">
          <reporter-output>
          </reporter-output>
        </test-method> <!-- tearDown -->
      </class> <!-- com.automationtesting.testngsession.OrangHrmTest -->
    </test> <!-- Default test -->
  </suite> <!-- Default suite -->
</testng-results>
