<?xml version="1.0" encoding="UTF-8"?>
<!-- Generated by org.testng.reporters.JUnitXMLReporter -->
<testsuite ignored="1" hostname="MADEM" failures="0" tests="3" name="Default test" time="46.484" errors="0" timestamp="2022-12-19T07:36:26 IST">
  <testcase classname="com.automationtesting.testngsession.OrangHrmTest" name="RegisterEmployee" time="8.393"/>
  <testcase classname="com.automationtesting.testngsession.OrangHrmTest" name="RegisterEmployee" time="8.524"/>
  <testcase classname="com.automationtesting.testngsession.OrangHrmTest" name="RegisterEmployee" time="7.687"/>
  <testcase classname="com.automationtesting.testngsession.OrangHrmTest" name="addEmployee_Page" time="0.0">
    <ignored/>
  </testcase> <!-- addEmployee_Page -->
</testsuite> <!-- Default test -->
