<?xml version="1.0" encoding="UTF-8"?>
<!-- Generated by org.testng.reporters.JUnitXMLReporter -->
<testsuite ignored="1" hostname="MADEM" failures="0" tests="1" name="Default test" time="21.373" errors="0" timestamp="2022-12-20T08:15:48 IST">
  <testcase classname="com.automationtesting.testngsession.OrangHrmTest" name="addEmployee_Page" time="9.013"/>
  <testcase classname="com.automationtesting.testngsession.OrangHrmTest" name="RegisterEmployee" time="0.0">
    <ignored/>
  </testcase> <!-- RegisterEmployee -->
</testsuite> <!-- Default test -->
